<?xml version="1.0" encoding="UTF-8"?>
<testsuite xmlns:xsi="http://www.w3.org/2001/XMLSchema-instance" xsi:noNamespaceSchemaLocation="https://maven.apache.org/surefire/maven-surefire-plugin/xsd/surefire-test-report-3.0.xsd" version="3.0" name="com.example.Payroll.PayrollApplicationTests" time="2.372" tests="1" errors="0" skipped="0" failures="0">
  <properties>
[...]
</properties>
  <testcase name="contextLoads" classname="com.example.Payroll.PayrollApplicationTests" time="0.311">
    <system-out><![CDATA[08:10:37.983 [main] INFO org.springframework.test.context.support.AnnotationConfigContextLoaderUtils -- Could not detect default configuration classes for test class [com.example.Payroll.PayrollApplicationTests]: PayrollApplicationTests does not declare any static, non-private, non-final, nested classes annotated with @Configuration.
08:10:38.038 [main] INFO org.springframework.boot.test.context.SpringBootTestContextBootstrapper -- Found @SpringBootConfiguration com.example.Payroll.PayrollApplication for test class com.example.Payroll.PayrollApplicationTests

  .   ____          _            __ _ _
 /\\ / ___'_ __ _ _(_)_ __  __ _ \ \ \ \
( ( )\___ | '_ | '_| | '_ \/ _` | \ \ \ \
 \\/  ___)| |_)| | | | | || (_| |  ) ) ) )
  '  |____| .__|_| |_|_| |_\__, | / / / /
 =========|_|==============|___/=/_/_/_/

 :: Spring Boot ::                (v3.3.4)

2025-08-07T08:10:38.169-05:00  INFO 29351 --- [Payroll] [           main] c.e.Payroll.PayrollApplicationTests      : Starting PayrollApplicationTests using Java 23.0.2 with PID 29351 (started by nicholas.nogradi in /Users/nicholas.nogradi/Desktop/PayrollService)
2025-08-07T08:10:38.170-05:00  INFO 29351 --- [Payroll] [           main] c.e.Payroll.PayrollApplicationTests      : No active profile set, falling back to 1 default profile: "default"
2025-08-07T08:10:38.465-05:00  INFO 29351 --- [Payroll] [           main] .s.d.r.c.RepositoryConfigurationDelegate : Bootstrapping Spring Data JPA repositories in DEFAULT mode.
2025-08-07T08:10:38.482-05:00  INFO 29351 --- [Payroll] [           main] .s.d.r.c.RepositoryConfigurationDelegate : Finished Spring Data repository scanning in 14 ms. Found 3 JPA repository interfaces.
2025-08-07T08:10:38.708-05:00  INFO 29351 --- [Payroll] [           main] com.zaxxer.hikari.HikariDataSource       : HikariPool-1 - Starting...
2025-08-07T08:10:38.778-05:00  INFO 29351 --- [Payroll] [           main] com.zaxxer.hikari.pool.HikariPool        : HikariPool-1 - Added connection conn0: url=jdbc:h2:mem:29dbf7fe-7d1e-427a-92d4-d2ddd6b7bc14 user=SA
2025-08-07T08:10:38.779-05:00  INFO 29351 --- [Payroll] [           main] com.zaxxer.hikari.HikariDataSource       : HikariPool-1 - Start completed.
2025-08-07T08:10:38.798-05:00  INFO 29351 --- [Payroll] [           main] o.hibernate.jpa.internal.util.LogHelper  : HHH000204: Processing PersistenceUnitInfo [name: default]
2025-08-07T08:10:38.821-05:00  INFO 29351 --- [Payroll] [           main] org.hibernate.Version                    : HHH000412: Hibernate ORM core version 6.5.3.Final
2025-08-07T08:10:38.833-05:00  INFO 29351 --- [Payroll] [           main] o.h.c.internal.RegionFactoryInitiator    : HHH000026: Second-level cache disabled
2025-08-07T08:10:38.946-05:00  INFO 29351 --- [Payroll] [           main] o.s.o.j.p.SpringPersistenceUnitInfo      : No LoadTimeWeaver setup: ignoring JPA class transformer
2025-08-07T08:10:39.277-05:00  INFO 29351 --- [Payroll] [           main] o.h.e.t.j.p.i.JtaPlatformInitiator       : HHH000489: No JTA platform available (set 'hibernate.transaction.jta.platform' to enable JTA platform integration)
2025-08-07T08:10:39.291-05:00  INFO 29351 --- [Payroll] [           main] j.LocalContainerEntityManagerFactoryBean : Initialized JPA EntityManagerFactory for persistence unit 'default'
2025-08-07T08:10:39.500-05:00  WARN 29351 --- [Payroll] [           main] JpaBaseConfiguration$JpaWebConfiguration : spring.jpa.open-in-view is enabled by default. Therefore, database queries may be performed during view rendering. Explicitly configure spring.jpa.open-in-view to disable this warning
2025-08-07T08:10:39.808-05:00  INFO 29351 --- [Payroll] [           main] o.s.b.a.e.web.EndpointLinksResolver      : Exposing 1 endpoint beneath base path '/actuator'
2025-08-07T08:10:39.836-05:00  INFO 29351 --- [Payroll] [           main] c.e.Payroll.PayrollApplicationTests      : Started PayrollApplicationTests in 1.749 seconds (process running for 2.151)
2025-08-07T08:10:39.927-05:00  INFO 29351 --- [Payroll] [           main] com.example.Payroll.LoadDatabase         : Preloading Employee{id=1, firstName='Bilbo', lastName='Baggins', role='burglar'}
2025-08-07T08:10:39.928-05:00  INFO 29351 --- [Payroll] [           main] com.example.Payroll.LoadDatabase         : Preloading Employee{id=2, firstName='Frodo', lastName='Baggins', role='thief'}
2025-08-07T08:10:39.967-05:00  INFO 29351 --- [Payroll] [           main] com.example.Payroll.LoadDatabase         : Preloading Employee{id=1, firstName='Bilbo', lastName='Baggins', role='burglar'}
2025-08-07T08:10:39.968-05:00  INFO 29351 --- [Payroll] [           main] com.example.Payroll.LoadDatabase         : Preloading Employee{id=2, firstName='Frodo', lastName='Baggins', role='thief'}
2025-08-07T08:10:39.970-05:00  INFO 29351 --- [Payroll] [           main] com.example.Payroll.LoadDatabase         : Preloaded Order{id=1, description='MacBook Pro', status=COMPLETED}
2025-08-07T08:10:39.971-05:00  INFO 29351 --- [Payroll] [           main] com.example.Payroll.LoadDatabase         : Preloaded Order{id=2, description='iPhone', status=IN_PROGRESS}
]]></system-out>
    <system-err><![CDATA[WARNING: A Java agent has been loaded dynamically (/Users/nicholas.nogradi/.m2/repository/net/bytebuddy/byte-buddy-agent/1.14.19/byte-buddy-agent-1.14.19.jar)
WARNING: If a serviceability tool is in use, please run with -XX:+EnableDynamicAgentLoading to hide this warning
WARNING: If a serviceability tool is not in use, please run with -Djdk.instrument.traceUsage for more information
WARNING: Dynamic loading of agents will be disallowed by default in a future release
]]></system-err>
  </testcase>
</testsuite>