<?xml version="1.0" encoding="UTF-8"?>
<testsuite xmlns:xsi="http://www.w3.org/2001/XMLSchema-instance" xsi:noNamespaceSchemaLocation="https://maven.apache.org/surefire/maven-surefire-plugin/xsd/surefire-test-report-3.0.xsd" version="3.0" name="com.example.Payroll.PayrollApplicationTests" time="4.342" tests="1" errors="0" skipped="0" failures="0">
  <properties>
[...]
</properties>
  <testcase name="contextLoads" classname="com.example.Payroll.PayrollApplicationTests" time="0.346">
    <system-out><![CDATA[13:23:37.433 [main] INFO org.springframework.test.context.support.AnnotationConfigContextLoaderUtils -- Could not detect default configuration classes for test class [com.example.Payroll.PayrollApplicationTests]: PayrollApplicationTests does not declare any static, non-private, non-final, nested classes annotated with @Configuration.
13:23:37.541 [main] INFO org.springframework.boot.test.context.SpringBootTestContextBootstrapper -- Found @SpringBootConfiguration com.example.Payroll.PayrollApplication for test class com.example.Payroll.PayrollApplicationTests

  .   ____          _            __ _ _
 /\\ / ___'_ __ _ _(_)_ __  __ _ \ \ \ \
( ( )\___ | '_ | '_| | '_ \/ _` | \ \ \ \
 \\/  ___)| |_)| | | | | || (_| |  ) ) ) )
  '  |____| .__|_| |_|_| |_\__, | / / / /
 =========|_|==============|___/=/_/_/_/

 :: Spring Boot ::                (v3.3.4)

2024-10-24T13:23:37.862-04:00  INFO 20380 --- [Payroll] [           main] c.e.Payroll.PayrollApplicationTests      : Starting PayrollApplicationTests using Java 17.0.11 with PID 20380 (started by nicholas.nogradi in C:\Users\nicholas.nogradi\Desktop\PayrollService)
2024-10-24T13:23:37.864-04:00  INFO 20380 --- [Payroll] [           main] c.e.Payroll.PayrollApplicationTests      : No active profile set, falling back to 1 default profile: "default"
2024-10-24T13:23:38.382-04:00  INFO 20380 --- [Payroll] [           main] .s.d.r.c.RepositoryConfigurationDelegate : Bootstrapping Spring Data JPA repositories in DEFAULT mode.
2024-10-24T13:23:38.438-04:00  INFO 20380 --- [Payroll] [           main] .s.d.r.c.RepositoryConfigurationDelegate : Finished Spring Data repository scanning in 50 ms. Found 3 JPA repository interfaces.
2024-10-24T13:23:38.956-04:00  INFO 20380 --- [Payroll] [           main] com.zaxxer.hikari.HikariDataSource       : HikariPool-1 - Starting...
2024-10-24T13:23:39.088-04:00  INFO 20380 --- [Payroll] [           main] com.zaxxer.hikari.pool.HikariPool        : HikariPool-1 - Added connection conn0: url=jdbc:h2:mem:c006b129-776c-4657-9e14-cab0976ced94 user=SA
2024-10-24T13:23:39.089-04:00  INFO 20380 --- [Payroll] [           main] com.zaxxer.hikari.HikariDataSource       : HikariPool-1 - Start completed.
2024-10-24T13:23:39.145-04:00  INFO 20380 --- [Payroll] [           main] o.hibernate.jpa.internal.util.LogHelper  : HHH000204: Processing PersistenceUnitInfo [name: default]
2024-10-24T13:23:39.194-04:00  INFO 20380 --- [Payroll] [           main] org.hibernate.Version                    : HHH000412: Hibernate ORM core version 6.5.3.Final
2024-10-24T13:23:39.233-04:00  INFO 20380 --- [Payroll] [           main] o.h.c.internal.RegionFactoryInitiator    : HHH000026: Second-level cache disabled
2024-10-24T13:23:39.566-04:00  INFO 20380 --- [Payroll] [           main] o.s.o.j.p.SpringPersistenceUnitInfo      : No LoadTimeWeaver setup: ignoring JPA class transformer
2024-10-24T13:23:40.214-04:00  INFO 20380 --- [Payroll] [           main] o.h.e.t.j.p.i.JtaPlatformInitiator       : HHH000489: No JTA platform available (set 'hibernate.transaction.jta.platform' to enable JTA platform integration)
2024-10-24T13:23:40.245-04:00  INFO 20380 --- [Payroll] [           main] j.LocalContainerEntityManagerFactoryBean : Initialized JPA EntityManagerFactory for persistence unit 'default'
2024-10-24T13:23:40.618-04:00  WARN 20380 --- [Payroll] [           main] JpaBaseConfiguration$JpaWebConfiguration : spring.jpa.open-in-view is enabled by default. Therefore, database queries may be performed during view rendering. Explicitly configure spring.jpa.open-in-view to disable this warning
2024-10-24T13:23:41.137-04:00  INFO 20380 --- [Payroll] [           main] c.e.Payroll.PayrollApplicationTests      : Started PayrollApplicationTests in 3.474 seconds (process running for 4.231)
2024-10-24T13:23:41.211-04:00  INFO 20380 --- [Payroll] [           main] com.example.Payroll.LoadDatabase         : Preloading Employee{id=1, firstName='Bilbo', lastName='Baggins', role='burglar'}
2024-10-24T13:23:41.212-04:00  INFO 20380 --- [Payroll] [           main] com.example.Payroll.LoadDatabase         : Preloading Employee{id=2, firstName='Frodo', lastName='Baggins', role='thief'}
2024-10-24T13:23:41.294-04:00  INFO 20380 --- [Payroll] [           main] com.example.Payroll.LoadDatabase         : Preloading Employee{id=1, firstName='Bilbo', lastName='Baggins', role='burglar'}
2024-10-24T13:23:41.295-04:00  INFO 20380 --- [Payroll] [           main] com.example.Payroll.LoadDatabase         : Preloading Employee{id=2, firstName='Frodo', lastName='Baggins', role='thief'}
2024-10-24T13:23:41.299-04:00  INFO 20380 --- [Payroll] [           main] com.example.Payroll.LoadDatabase         : Preloaded Order{id=1, description='MacBook Pro', status=COMPLETED}
2024-10-24T13:23:41.299-04:00  INFO 20380 --- [Payroll] [           main] com.example.Payroll.LoadDatabase         : Preloaded Order{id=2, description='iPhone', status=IN_PROGRESS}
]]></system-out>
  </testcase>
</testsuite>